<?xml version="1.0" encoding="UTF-8"?>
<!-- Generated by org.testng.reporters.JUnitReportReporter -->
<testsuite hostname="DESKTOP-JAE3UEM" failures="0" tests="1" name="TestCases.VerifyLoginTestCase" time="53.996" errors="0" timestamp="2022-09-05T23:55:18 PDT" skipped="0">
  <testcase classname="TestCases.VerifyLoginTestCase" name="login" time="53.996"/>
  <system-out/>
</testsuite> <!-- TestCases.VerifyLoginTestCase -->
