<?xml version="1.0" encoding="UTF-8"?>
<!-- Generated by org.testng.reporters.JUnitReportReporter -->
<testsuite hostname="DESKTOP-JAE3UEM" failures="0" tests="1" name="TestCases.VerifyLoginTestCase" time="19.888" errors="0" timestamp="2022-09-08T18:47:01 PDT" skipped="0">
  <testcase classname="TestCases.VerifyLoginTestCase" name="login" time="19.888"/>
  <system-out/>
</testsuite> <!-- TestCases.VerifyLoginTestCase -->
